<?xml version="1.0" encoding="UTF-8"?>
<testng-results skipped="0" failed="0" ignored="0" total="2" passed="2">
  <reporter-output>
  </reporter-output>
  <suite name="Default suite" duration-ms="62551" started-at="2019-11-25T23:22:51Z" finished-at="2019-11-25T23:23:53Z">
    <groups>
    </groups>
    <test name="Default test" duration-ms="62551" started-at="2019-11-25T23:22:51Z" finished-at="2019-11-25T23:23:53Z">
      <class name="SamplePackage.FirstMavenClass">
        <test-method status="PASS" signature="login()[pri:0, instance:SamplePackage.FirstMavenClass@c038203]" name="login" duration-ms="62434" started-at="2019-11-25T15:22:51Z" finished-at="2019-11-25T15:23:53Z">
          <reporter-output>
          </reporter-output>
        </test-method> <!-- login -->
        <test-method status="PASS" signature="test1()[pri:0, instance:SamplePackage.FirstMavenClass@c038203]" name="test1" duration-ms="10" started-at="2019-11-25T15:23:53Z" finished-at="2019-11-25T15:23:53Z">
          <reporter-output>
          </reporter-output>
        </test-method> <!-- test1 -->
      </class> <!-- SamplePackage.FirstMavenClass -->
    </test> <!-- Default test -->
  </suite> <!-- Default suite -->
</testng-results>
