<?xml version="1.0" encoding="UTF-8"?>
<testng-results skipped="0" failed="0" ignored="0" total="1" passed="1">
  <reporter-output>
  </reporter-output>
  <suite name="Default suite" duration-ms="227" started-at="2019-10-23T13:16:47Z" finished-at="2019-10-23T13:16:47Z">
    <groups>
    </groups>
    <test name="Default test" duration-ms="227" started-at="2019-10-23T13:16:47Z" finished-at="2019-10-23T13:16:47Z">
      <class name="SamplePackage.FirstMavenClass">
        <test-method status="PASS" signature="test1()[pri:0, instance:SamplePackage.FirstMavenClass@482f8f11]" name="test1" duration-ms="39" started-at="2019-10-23T18:46:47Z" finished-at="2019-10-23T18:46:47Z">
          <reporter-output>
          </reporter-output>
        </test-method> <!-- test1 -->
      </class> <!-- SamplePackage.FirstMavenClass -->
    </test> <!-- Default test -->
  </suite> <!-- Default suite -->
</testng-results>
