<?xml version="1.0" encoding="UTF-8"?>
<testng-results skipped="0" failed="0" ignored="0" total="3" passed="3">
  <reporter-output>
  </reporter-output>
  <suite name="Default suite" duration-ms="321" started-at="2019-10-11T21:09:20 IST" finished-at="2019-10-11T21:09:20 IST">
    <groups>
    </groups>
    <test name="Default test" duration-ms="321" started-at="2019-10-11T21:09:20 IST" finished-at="2019-10-11T21:09:20 IST">
      <class name="dataProvider.TestDataProvider1">
        <test-method status="PASS" signature="login(java.lang.String, java.lang.String)[pri:0, instance:dataProvider.TestDataProvider1@66480dd7]" name="login" duration-ms="41" started-at="2019-10-11T21:09:20 IST" data-provider="getData" finished-at="2019-10-11T21:09:20 IST">
          <params>
            <param index="0">
              <value>
                <![CDATA[Username1]]>
              </value>
            </param>
            <param index="1">
              <value>
                <![CDATA[Password1]]>
              </value>
            </param>
          </params>
          <reporter-output>
          </reporter-output>
        </test-method> <!-- login -->
        <test-method status="PASS" signature="login(java.lang.String, java.lang.String)[pri:0, instance:dataProvider.TestDataProvider1@66480dd7]" name="login" duration-ms="5" started-at="2019-10-11T21:09:20 IST" data-provider="getData" finished-at="2019-10-11T21:09:20 IST">
          <params>
            <param index="0">
              <value>
                <![CDATA[Username2]]>
              </value>
            </param>
            <param index="1">
              <value>
                <![CDATA[Password2]]>
              </value>
            </param>
          </params>
          <reporter-output>
          </reporter-output>
        </test-method> <!-- login -->
        <test-method status="PASS" signature="login(java.lang.String, java.lang.String)[pri:0, instance:dataProvider.TestDataProvider1@66480dd7]" name="login" duration-ms="5" started-at="2019-10-11T21:09:20 IST" data-provider="getData" finished-at="2019-10-11T21:09:20 IST">
          <params>
            <param index="0">
              <value>
                <![CDATA[Username3]]>
              </value>
            </param>
            <param index="1">
              <value>
                <![CDATA[Password3]]>
              </value>
            </param>
          </params>
          <reporter-output>
          </reporter-output>
        </test-method> <!-- login -->
      </class> <!-- dataProvider.TestDataProvider1 -->
    </test> <!-- Default test -->
  </suite> <!-- Default suite -->
</testng-results>
