<?xml version="1.0" encoding="UTF-8"?>
<testng-results skipped="0" failed="0" ignored="0" total="2" passed="2">
  <reporter-output>
  </reporter-output>
  <suite name="Default suite" duration-ms="173" started-at="2019-10-14T19:54:43 IST" finished-at="2019-10-14T19:54:44 IST">
    <groups>
    </groups>
    <test name="Default test" duration-ms="173" started-at="2019-10-14T19:54:43 IST" finished-at="2019-10-14T19:54:44 IST">
      <class name="basicAnnotations.TestingClass2">
        <test-method status="PASS" signature="beforeClass()[pri:0, instance:basicAnnotations.TestingClass2@3632be31]" name="beforeClass" is-config="true" duration-ms="31" started-at="2019-10-14T19:54:43 IST" finished-at="2019-10-14T19:54:43 IST">
          <reporter-output>
          </reporter-output>
        </test-method> <!-- beforeClass -->
        <test-method status="PASS" signature="beforeMethod()[pri:0, instance:basicAnnotations.TestingClass2@3632be31]" name="beforeMethod" is-config="true" duration-ms="1" started-at="2019-10-14T19:54:44 IST" finished-at="2019-10-14T19:54:44 IST">
          <reporter-output>
          </reporter-output>
        </test-method> <!-- beforeMethod -->
        <test-method status="PASS" signature="testCase1()[pri:0, instance:basicAnnotations.TestingClass2@3632be31]" name="testCase1" duration-ms="19" started-at="2019-10-14T19:54:44 IST" finished-at="2019-10-14T19:54:44 IST">
          <reporter-output>
          </reporter-output>
        </test-method> <!-- testCase1 -->
        <test-method status="PASS" signature="afterMethod()[pri:0, instance:basicAnnotations.TestingClass2@3632be31]" name="afterMethod" is-config="true" duration-ms="2" started-at="2019-10-14T19:54:44 IST" finished-at="2019-10-14T19:54:44 IST">
          <reporter-output>
          </reporter-output>
        </test-method> <!-- afterMethod -->
        <test-method status="PASS" signature="beforeMethod()[pri:0, instance:basicAnnotations.TestingClass2@3632be31]" name="beforeMethod" is-config="true" duration-ms="1" started-at="2019-10-14T19:54:44 IST" finished-at="2019-10-14T19:54:44 IST">
          <reporter-output>
          </reporter-output>
        </test-method> <!-- beforeMethod -->
        <test-method status="PASS" signature="testCase2()[pri:0, instance:basicAnnotations.TestingClass2@3632be31]" name="testCase2" duration-ms="4" started-at="2019-10-14T19:54:44 IST" finished-at="2019-10-14T19:54:44 IST">
          <reporter-output>
          </reporter-output>
        </test-method> <!-- testCase2 -->
        <test-method status="PASS" signature="afterMethod()[pri:0, instance:basicAnnotations.TestingClass2@3632be31]" name="afterMethod" is-config="true" duration-ms="0" started-at="2019-10-14T19:54:44 IST" finished-at="2019-10-14T19:54:44 IST">
          <reporter-output>
          </reporter-output>
        </test-method> <!-- afterMethod -->
        <test-method status="PASS" signature="afterclass()[pri:0, instance:basicAnnotations.TestingClass2@3632be31]" name="afterclass" is-config="true" duration-ms="1" started-at="2019-10-14T19:54:44 IST" finished-at="2019-10-14T19:54:44 IST">
          <reporter-output>
          </reporter-output>
        </test-method> <!-- afterclass -->
      </class> <!-- basicAnnotations.TestingClass2 -->
    </test> <!-- Default test -->
  </suite> <!-- Default suite -->
</testng-results>
