<?xml version="1.0" encoding="UTF-8"?>
<!-- Generated by org.testng.reporters.JUnitXMLReporter -->
<testsuite hostname="sony-VAIO" ignored="0" name="Default test" tests="5" failures="0" timestamp="2019-10-15T18:34:38 IST" time="0.255" errors="0">
  <testcase name="test3" time="0.019" classname="basicAnnotations.TestNGClass1"/>
  <testcase name="testCase1" time="0.004" classname="basicAnnotations.TestNGClass1"/>
  <testcase name="testCase2" time="0.003" classname="basicAnnotations.TestNGClass1"/>
  <testcase name="test1" time="0.003" classname="basicAnnotations.TestNGClass1"/>
  <testcase name="test2" time="0.004" classname="basicAnnotations.TestNGClass1"/>
</testsuite> <!-- Default test -->
