<?xml version="1.0" encoding="UTF-8"?>
<!-- Generated by org.testng.reporters.JUnitXMLReporter -->
<testsuite hostname="sony-VAIO" ignored="0" name="Default test" tests="3" failures="0" timestamp="2019-10-11T21:09:20 IST" time="0.321" errors="0">
  <testcase name="login" time="0.041" classname="dataProvider.TestDataProvider1"/>
  <testcase name="login" time="0.005" classname="dataProvider.TestDataProvider1"/>
  <testcase name="login" time="0.005" classname="dataProvider.TestDataProvider1"/>
</testsuite> <!-- Default test -->
