<?xml version="1.0" encoding="UTF-8"?>
<testng-results skipped="0" failed="0" ignored="0" total="1" passed="1">
  <reporter-output>
  </reporter-output>
  <suite name="Default suite" duration-ms="13620" started-at="2019-11-25T15:26:12 PST" finished-at="2019-11-25T15:26:26 PST">
    <groups>
    </groups>
    <test name="Default test" duration-ms="13620" started-at="2019-11-25T15:26:12 PST" finished-at="2019-11-25T15:26:26 PST">
      <class name="apiTesting.TC_Create_Update_Delete">
        <test-method status="PASS" signature="test()[pri:0, instance:apiTesting.TC_Create_Update_Delete@3dd4520b]" name="test" duration-ms="13419" started-at="2019-11-25T15:26:13 PST" finished-at="2019-11-25T15:26:26 PST">
          <reporter-output>
          </reporter-output>
        </test-method> <!-- test -->
      </class> <!-- apiTesting.TC_Create_Update_Delete -->
    </test> <!-- Default test -->
  </suite> <!-- Default suite -->
</testng-results>
