<?xml version="1.0" encoding="UTF-8"?>
<!-- Generated by org.testng.reporters.JUnitXMLReporter -->
<testsuite hostname="sony-VAIO" ignored="0" name="Test" tests="4" failures="0" timestamp="2019-10-21T21:57:33 IST" time="48.544" errors="0">
  <testcase name="loginTest" time="9.966" classname="testScripts.TC_FlightBooking_Login"/>
  <testcase name="logoutTest" time="1.729" classname="testScripts.TC_FlightBooking_Login"/>
  <testcase name="loginTest" time="11.917" classname="testScripts.TC_FlightBooking_LoginWithMultipleDataSets"/>
  <testcase name="loginTest" time="9.737" classname="testScripts.TC_FlightBooking_LoginWithMultipleDataSets"/>
</testsuite> <!-- Test -->
