<?xml version="1.0" encoding="UTF-8"?>
<!-- Generated by org.testng.reporters.JUnitXMLReporter -->
<testsuite hostname="sony-VAIO" ignored="0" name="Regression Test" tests="7" failures="0" timestamp="2019-11-25T13:18:06 PST" time="0.303" errors="0">
  <testcase name="test3" time="0.006" classname="basicAnnotations.TestNGClass1"/>
  <testcase name="testCase1" time="0.009" classname="basicAnnotations.TestNGClass1"/>
  <testcase name="testCase2" time="0.14" classname="basicAnnotations.TestNGClass1"/>
  <testcase name="test1" time="0.003" classname="basicAnnotations.TestNGClass1"/>
  <testcase name="test2" time="0.004" classname="basicAnnotations.TestNGClass1"/>
  <testcase name="testCase1" time="0.003" classname="basicAnnotations.TestingClass2"/>
  <testcase name="testCase2" time="0.002" classname="basicAnnotations.TestingClass2"/>
</testsuite> <!-- Regression Test -->
