<?xml version="1.0" encoding="UTF-8"?>
<!-- Generated by org.testng.reporters.JUnitXMLReporter -->
<testsuite hostname="sony-VAIO" ignored="0" name="Smoke Test" tests="7" failures="0" timestamp="2019-10-11T20:48:59 IST" time="0.234" errors="0">
  <testcase name="test3" time="0.022" classname="basicAnnotations.TestNGClass1"/>
  <testcase name="testCase1" time="0.007" classname="basicAnnotations.TestNGClass1"/>
  <testcase name="testCase2" time="0.006" classname="basicAnnotations.TestNGClass1"/>
  <testcase name="test1" time="0.008" classname="basicAnnotations.TestNGClass1"/>
  <testcase name="test2" time="0.007" classname="basicAnnotations.TestNGClass1"/>
  <testcase name="testCase1" time="0.005" classname="basicAnnotations.TestingClass2"/>
  <testcase name="testCase2" time="0.012" classname="basicAnnotations.TestingClass2"/>
</testsuite> <!-- Smoke Test -->
